This file contains any messages produced by compilers while
running configure, to aid debugging if configure makes a mistake.

It was created by configure, which was
generated by GNU Autoconf 2.65.  Invocation command line was

  $ ./configure 

## --------- ##
## Platform. ##
## --------- ##

hostname = lauradeMacBook-Pro.local
uname -m = x86_64
uname -r = 16.6.0
uname -s = Darwin
uname -v = Darwin Kernel Version 16.6.0: Fri Apr 14 16:21:16 PDT 2017; root:xnu-3789.60.24~6/RELEASE_X86_64

/usr/bin/uname -p = i386
/bin/uname -X     = unknown

/bin/arch              = unknown
/usr/bin/arch -k       = unknown
/usr/convex/getsysinfo = unknown
/usr/bin/hostinfo      = Mach kernel version:
	 Darwin Kernel Version 16.6.0: Fri Apr 14 16:21:16 PDT 2017; root:xnu-3789.60.24~6/RELEASE_X86_64
Kernel configured for up to 4 processors.
2 processors are physically available.
4 processors are logically available.
Processor type: x86_64h (Intel x86-64h Haswell)
Processors active: 0 1 2 3
Primary memory available: 8.00 gigabytes
Default processor set: 298 tasks, 1515 threads, 4 processors
Load average: 6.11, Mach factor: 0.92
/bin/machine           = unknown
/usr/bin/oslevel       = unknown
/bin/universe          = unknown

PATH: /Users/laura/django/d_venv/bin
PATH: /Library/Frameworks/Python.framework/Versions/3.6/bin
PATH: /usr/local/mysql/bin
PATH: /usr/local/bin
PATH: /usr/bin
PATH: /bin
PATH: /usr/sbin
PATH: /sbin
PATH: /opt/X11/bin


## ----------- ##
## Core tests. ##
## ----------- ##

configure:2591: checking build system type
configure:2605: result: i386-apple-darwin16.6.0
configure:2625: checking host system type
configure:2638: result: i386-apple-darwin16.6.0
configure:2658: checking target system type
configure:2671: result: i386-apple-darwin16.6.0
configure:2733: checking for a BSD-compatible install
configure:2801: result: /usr/bin/install -c
configure:2812: checking whether build environment is sane
configure:2862: result: yes
configure:3003: checking for a thread-safe mkdir -p
configure:3042: result: ./install-sh -c -d
configure:3055: checking for gawk
configure:3085: result: no
configure:3055: checking for mawk
configure:3085: result: no
configure:3055: checking for nawk
configure:3085: result: no
configure:3055: checking for awk
configure:3071: found /usr/bin/awk
configure:3082: result: awk
configure:3093: checking whether make sets $(MAKE)
configure:3115: result: yes
configure:3187: checking whether to enable maintainer-specific portions of Makefiles
configure:3196: result: no
configure:3261: checking for gcc
configure:3277: found /usr/bin/gcc
configure:3288: result: gcc
configure:3517: checking for C compiler version
configure:3526: gcc --version >&5
Apple LLVM version 8.1.0 (clang-802.0.42)
Target: x86_64-apple-darwin16.6.0
Thread model: posix
InstalledDir: /Applications/Xcode.app/Contents/Developer/Toolchains/XcodeDefault.xctoolchain/usr/bin
Configured with: --prefix=/Applications/Xcode.app/Contents/Developer/usr --with-gxx-include-dir=/Applications/Xcode.app/Contents/Developer/Platforms/MacOSX.platform/Developer/SDKs/MacOSX10.12.sdk/usr/include/c++/4.2.1
configure:3537: $? = 0
configure:3526: gcc -v >&5
Configured with: --prefix=/Applications/Xcode.app/Contents/Developer/usr --with-gxx-include-dir=/Applications/Xcode.app/Contents/Developer/Platforms/MacOSX.platform/Developer/SDKs/MacOSX10.12.sdk/usr/include/c++/4.2.1
Apple LLVM version 8.1.0 (clang-802.0.42)
Target: x86_64-apple-darwin16.6.0
Thread model: posix
InstalledDir: /Applications/Xcode.app/Contents/Developer/Toolchains/XcodeDefault.xctoolchain/usr/bin
configure:3537: $? = 0
configure:3526: gcc -V >&5
clang: error: argument to '-V' is missing (expected 1 value)
clang: error: no input files
configure:3537: $? = 1
configure:3526: gcc -qversion >&5
clang: error: unknown argument: '-qversion'
clang: error: no input files
configure:3537: $? = 1
configure:3557: checking whether the C compiler works
configure:3579: gcc    conftest.c  >&5
configure:3583: $? = 0
configure:3632: result: yes
configure:3635: checking for C compiler default output file name
configure:3637: result: a.out
configure:3643: checking for suffix of executables
configure:3650: gcc -o conftest    conftest.c  >&5
configure:3654: $? = 0
configure:3676: result: 
configure:3698: checking whether we are cross compiling
configure:3706: gcc -o conftest    conftest.c  >&5
configure:3710: $? = 0
configure:3717: ./conftest
configure:3721: $? = 0
configure:3736: result: no
configure:3741: checking for suffix of object files
configure:3763: gcc -c   conftest.c >&5
configure:3767: $? = 0
configure:3788: result: o
configure:3792: checking whether we are using the GNU C compiler
configure:3811: gcc -c   conftest.c >&5
configure:3811: $? = 0
configure:3820: result: yes
configure:3829: checking whether gcc accepts -g
configure:3849: gcc -c -g  conftest.c >&5
configure:3849: $? = 0
configure:3890: result: yes
configure:3907: checking for gcc option to accept ISO C89
configure:3971: gcc  -c -g -O2  conftest.c >&5
configure:3971: $? = 0
configure:3984: result: none needed
configure:4015: checking for style of include used by make
configure:4043: result: GNU
configure:4068: checking dependency style of gcc
configure:4178: result: gcc3
configure:4526: checking for a sed that does not truncate output
configure:4590: result: /usr/bin/sed
configure:4608: checking for grep that handles long lines and -e
configure:4666: result: /usr/bin/grep
configure:4671: checking for egrep
configure:4733: result: /usr/bin/grep -E
configure:4738: checking for fgrep
configure:4800: result: /usr/bin/grep -F
configure:4835: checking for ld used by gcc
configure:4902: result: /Applications/Xcode.app/Contents/Developer/Toolchains/XcodeDefault.xctoolchain/usr/bin/ld
configure:4909: checking if the linker (/Applications/Xcode.app/Contents/Developer/Toolchains/XcodeDefault.xctoolchain/usr/bin/ld) is GNU ld
configure:4924: result: no
configure:4936: checking for BSD- or MS-compatible name lister (nm)
configure:4985: result: /usr/bin/nm -B
configure:5103: checking the name lister (/usr/bin/nm -B) interface
configure:5110: gcc -c -g -O2  conftest.c >&5
configure:5113: /usr/bin/nm -B "conftest.o"
configure:5116: output
00000000000001f4 S _some_variable
configure:5123: result: BSD nm
configure:5126: checking whether ln -s works
configure:5130: result: yes
configure:5138: checking the maximum length of command line arguments
configure:5258: result: 196608
configure:5275: checking whether the shell understands some XSI constructs
configure:5285: result: yes
configure:5289: checking whether the shell understands "+="
configure:5295: result: yes
configure:5330: checking for /Applications/Xcode.app/Contents/Developer/Toolchains/XcodeDefault.xctoolchain/usr/bin/ld option to reload object files
configure:5337: result: -r
configure:5406: checking for objdump
configure:5433: result: objdump
configure:5462: checking how to recognize dependent libraries
configure:5658: result: pass_all
configure:5718: checking for ar
configure:5734: found /usr/bin/ar
configure:5745: result: ar
configure:5823: checking for strip
configure:5839: found /usr/bin/strip
configure:5850: result: strip
configure:5922: checking for ranlib
configure:5938: found /usr/bin/ranlib
configure:5949: result: ranlib
configure:6039: checking command to parse /usr/bin/nm -B output from gcc object
configure:6157: gcc -c -g -O2  conftest.c >&5
configure:6160: $? = 0
configure:6164: /usr/bin/nm -B conftest.o \| sed -n -e 's/^.*[	 ]\([BCDEGRST][BCDEGRST]*\)[	 ][	 ]*\([_A-Za-z][_A-Za-z0-9]*\)$/\1 \2 \2/p' \> conftest.nm
configure:6167: $? = 0
cannot find nm_test_var in conftest.nm
configure:6157: gcc -c -g -O2  conftest.c >&5
configure:6160: $? = 0
configure:6164: /usr/bin/nm -B conftest.o \| sed -n -e 's/^.*[	 ]\([BCDEGRST][BCDEGRST]*\)[	 ][	 ]*_\([_A-Za-z][_A-Za-z0-9]*\)$/\1 _\2 \2/p' \> conftest.nm
configure:6167: $? = 0
configure:6221: gcc -o conftest -g -O2   conftest.c conftstm.o >&5
warning: (x86_64)  could not find object file symbol for symbol _main
configure:6224: $? = 0
configure:6262: result: ok
configure:6527: checking for dsymutil
configure:6543: found /usr/bin/dsymutil
configure:6554: result: dsymutil
configure:6619: checking for nmedit
configure:6635: found /usr/bin/nmedit
configure:6646: result: nmedit
configure:6711: checking for lipo
configure:6727: found /usr/bin/lipo
configure:6738: result: lipo
configure:6803: checking for otool
configure:6819: found /usr/bin/otool
configure:6830: result: otool
configure:6895: checking for otool64
configure:6925: result: no
configure:6970: checking for -single_module linker flag
gcc -g -O2  -o libconftest.dylib -dynamiclib -Wl,-single_module conftest.c
configure:6997: result: yes
configure:6999: checking for -exported_symbols_list linker flag
configure:7019: gcc -o conftest -g -O2   -Wl,-exported_symbols_list,conftest.sym conftest.c  >&5
configure:7019: $? = 0
configure:7029: result: yes
configure:7071: checking how to run the C preprocessor
configure:7102: gcc -E  conftest.c
configure:7102: $? = 0
configure:7116: gcc -E  conftest.c
conftest.c:9:10: fatal error: 'ac_nonexistent.h' file not found
#include <ac_nonexistent.h>
         ^
1 error generated.
configure:7116: $? = 1
configure: failed program was:
| /* confdefs.h */
| #define PACKAGE_NAME ""
| #define PACKAGE_TARNAME ""
| #define PACKAGE_VERSION ""
| #define PACKAGE_STRING ""
| #define PACKAGE_BUGREPORT ""
| #define PACKAGE_URL ""
| /* end confdefs.h.  */
| #include <ac_nonexistent.h>
configure:7141: result: gcc -E
configure:7161: gcc -E  conftest.c
configure:7161: $? = 0
configure:7175: gcc -E  conftest.c
conftest.c:9:10: fatal error: 'ac_nonexistent.h' file not found
#include <ac_nonexistent.h>
         ^
1 error generated.
configure:7175: $? = 1
configure: failed program was:
| /* confdefs.h */
| #define PACKAGE_NAME ""
| #define PACKAGE_TARNAME ""
| #define PACKAGE_VERSION ""
| #define PACKAGE_STRING ""
| #define PACKAGE_BUGREPORT ""
| #define PACKAGE_URL ""
| /* end confdefs.h.  */
| #include <ac_nonexistent.h>
configure:7204: checking for ANSI C header files
configure:7224: gcc -c -g -O2  conftest.c >&5
configure:7224: $? = 0
configure:7297: gcc -o conftest -g -O2   conftest.c  >&5
configure:7297: $? = 0
configure:7297: ./conftest
configure:7297: $? = 0
configure:7308: result: yes
configure:7321: checking for sys/types.h
configure:7321: gcc -c -g -O2  conftest.c >&5
configure:7321: $? = 0
configure:7321: result: yes
configure:7321: checking for sys/stat.h
configure:7321: gcc -c -g -O2  conftest.c >&5
configure:7321: $? = 0
configure:7321: result: yes
configure:7321: checking for stdlib.h
configure:7321: gcc -c -g -O2  conftest.c >&5
configure:7321: $? = 0
configure:7321: result: yes
configure:7321: checking for string.h
configure:7321: gcc -c -g -O2  conftest.c >&5
configure:7321: $? = 0
configure:7321: result: yes
configure:7321: checking for memory.h
configure:7321: gcc -c -g -O2  conftest.c >&5
configure:7321: $? = 0
configure:7321: result: yes
configure:7321: checking for strings.h
configure:7321: gcc -c -g -O2  conftest.c >&5
configure:7321: $? = 0
configure:7321: result: yes
configure:7321: checking for inttypes.h
configure:7321: gcc -c -g -O2  conftest.c >&5
configure:7321: $? = 0
configure:7321: result: yes
configure:7321: checking for stdint.h
configure:7321: gcc -c -g -O2  conftest.c >&5
configure:7321: $? = 0
configure:7321: result: yes
configure:7321: checking for unistd.h
configure:7321: gcc -c -g -O2  conftest.c >&5
configure:7321: $? = 0
configure:7321: result: yes
configure:7336: checking for dlfcn.h
configure:7336: gcc -c -g -O2  conftest.c >&5
configure:7336: $? = 0
configure:7336: result: yes
configure:7516: checking for objdir
configure:7531: result: .libs
configure:7827: checking if gcc supports -fno-rtti -fno-exceptions
configure:7845: gcc -c -g -O2  -fno-rtti -fno-exceptions conftest.c >&5
configure:7849: $? = 0
configure:7862: result: yes
configure:7882: checking for gcc option to produce PIC
configure:8154: result: -fno-common -DPIC
configure:8166: checking if gcc PIC flag -fno-common -DPIC works
configure:8184: gcc -c -g -O2  -fno-common -DPIC -DPIC conftest.c >&5
configure:8188: $? = 0
configure:8201: result: yes
configure:8225: checking if gcc static flag -static works
configure:8253: result: no
configure:8268: checking if gcc supports -c -o file.o
configure:8289: gcc -c -g -O2  -o out/conftest2.o conftest.c >&5
configure:8293: $? = 0
configure:8315: result: yes
configure:8323: checking if gcc supports -c -o file.o
configure:8370: result: yes
configure:8403: checking whether the gcc linker (/Applications/Xcode.app/Contents/Developer/Toolchains/XcodeDefault.xctoolchain/usr/bin/ld) supports shared libraries
configure:9394: result: yes
configure:9633: checking dynamic linker characteristics
configure:10296: result: darwin16.6.0 dyld
configure:10398: checking how to hardcode library paths into programs
configure:10423: result: immediate
configure:10468: checking for dlopen in -ldl
configure:10493: gcc -o conftest -g -O2   conftest.c -ldl   >&5
configure:10493: $? = 0
configure:10502: result: yes
configure:10717: checking whether a program can dlopen itself
configure:10787: gcc -o conftest -g -O2  -DHAVE_DLFCN_H   conftest.c -ldl  >&5
configure:10790: $? = 0
configure:10808: result: yes
configure:10813: checking whether a statically linked program can dlopen itself
configure:10883: gcc -o conftest -g -O2  -DHAVE_DLFCN_H    conftest.c -ldl  >&5
configure:10886: $? = 0
configure:10904: result: yes
configure:10943: checking whether stripping libraries is possible
configure:10957: result: yes
configure:10983: checking if libtool supports shared libraries
configure:10985: result: yes
configure:10988: checking whether to build shared libraries
configure:11009: result: yes
configure:11012: checking whether to build static libraries
configure:11016: result: yes
configure:11110: checking for g++
configure:11126: found /usr/bin/g++
configure:11137: result: g++
configure:11164: checking for C++ compiler version
configure:11173: g++ --version >&5
Apple LLVM version 8.1.0 (clang-802.0.42)
Target: x86_64-apple-darwin16.6.0
Thread model: posix
InstalledDir: /Applications/Xcode.app/Contents/Developer/Toolchains/XcodeDefault.xctoolchain/usr/bin
Configured with: --prefix=/Applications/Xcode.app/Contents/Developer/usr --with-gxx-include-dir=/Applications/Xcode.app/Contents/Developer/Platforms/MacOSX.platform/Developer/SDKs/MacOSX10.12.sdk/usr/include/c++/4.2.1
configure:11184: $? = 0
configure:11173: g++ -v >&5
Configured with: --prefix=/Applications/Xcode.app/Contents/Developer/usr --with-gxx-include-dir=/Applications/Xcode.app/Contents/Developer/Platforms/MacOSX.platform/Developer/SDKs/MacOSX10.12.sdk/usr/include/c++/4.2.1
Apple LLVM version 8.1.0 (clang-802.0.42)
Target: x86_64-apple-darwin16.6.0
Thread model: posix
InstalledDir: /Applications/Xcode.app/Contents/Developer/Toolchains/XcodeDefault.xctoolchain/usr/bin
configure:11184: $? = 0
configure:11173: g++ -V >&5
clang: error: argument to '-V' is missing (expected 1 value)
clang: error: no input files
configure:11184: $? = 1
configure:11173: g++ -qversion >&5
clang: error: unknown argument: '-qversion'
clang: error: no input files
configure:11184: $? = 1
configure:11188: checking whether we are using the GNU C++ compiler
configure:11207: g++ -c   conftest.cpp >&5
configure:11207: $? = 0
configure:11216: result: yes
configure:11225: checking whether g++ accepts -g
configure:11245: g++ -c -g  conftest.cpp >&5
configure:11245: $? = 0
configure:11286: result: yes
configure:11311: checking dependency style of g++
configure:11421: result: gcc3
configure:11549: checking for C++ compiler version
configure:11558: g++ --version >&5
Apple LLVM version 8.1.0 (clang-802.0.42)
Target: x86_64-apple-darwin16.6.0
Thread model: posix
InstalledDir: /Applications/Xcode.app/Contents/Developer/Toolchains/XcodeDefault.xctoolchain/usr/bin
Configured with: --prefix=/Applications/Xcode.app/Contents/Developer/usr --with-gxx-include-dir=/Applications/Xcode.app/Contents/Developer/Platforms/MacOSX.platform/Developer/SDKs/MacOSX10.12.sdk/usr/include/c++/4.2.1
configure:11569: $? = 0
configure:11558: g++ -v >&5
Configured with: --prefix=/Applications/Xcode.app/Contents/Developer/usr --with-gxx-include-dir=/Applications/Xcode.app/Contents/Developer/Platforms/MacOSX.platform/Developer/SDKs/MacOSX10.12.sdk/usr/include/c++/4.2.1
Apple LLVM version 8.1.0 (clang-802.0.42)
Target: x86_64-apple-darwin16.6.0
Thread model: posix
InstalledDir: /Applications/Xcode.app/Contents/Developer/Toolchains/XcodeDefault.xctoolchain/usr/bin
configure:11569: $? = 0
configure:11558: g++ -V >&5
clang: error: argument to '-V' is missing (expected 1 value)
clang: error: no input files
configure:11569: $? = 1
configure:11558: g++ -qversion >&5
clang: error: unknown argument: '-qversion'
clang: error: no input files
configure:11569: $? = 1
configure:11573: checking whether we are using the GNU C++ compiler
configure:11601: result: yes
configure:11610: checking whether g++ accepts -g
configure:11671: result: yes
configure:11696: checking dependency style of g++
configure:11806: result: gcc3
configure:11829: checking how to run the C++ preprocessor
configure:11856: g++ -E  conftest.cpp
configure:11856: $? = 0
configure:11870: g++ -E  conftest.cpp
conftest.cpp:21:10: fatal error: 'ac_nonexistent.h' file not found
#include <ac_nonexistent.h>
         ^
1 error generated.
configure:11870: $? = 1
configure: failed program was:
| /* confdefs.h */
| #define PACKAGE_NAME ""
| #define PACKAGE_TARNAME ""
| #define PACKAGE_VERSION ""
| #define PACKAGE_STRING ""
| #define PACKAGE_BUGREPORT ""
| #define PACKAGE_URL ""
| #define STDC_HEADERS 1
| #define HAVE_SYS_TYPES_H 1
| #define HAVE_SYS_STAT_H 1
| #define HAVE_STDLIB_H 1
| #define HAVE_STRING_H 1
| #define HAVE_MEMORY_H 1
| #define HAVE_STRINGS_H 1
| #define HAVE_INTTYPES_H 1
| #define HAVE_STDINT_H 1
| #define HAVE_UNISTD_H 1
| #define HAVE_DLFCN_H 1
| #define LT_OBJDIR ".libs/"
| /* end confdefs.h.  */
| #include <ac_nonexistent.h>
configure:11895: result: g++ -E
configure:11915: g++ -E  conftest.cpp
configure:11915: $? = 0
configure:11929: g++ -E  conftest.cpp
conftest.cpp:21:10: fatal error: 'ac_nonexistent.h' file not found
#include <ac_nonexistent.h>
         ^
1 error generated.
configure:11929: $? = 1
configure: failed program was:
| /* confdefs.h */
| #define PACKAGE_NAME ""
| #define PACKAGE_TARNAME ""
| #define PACKAGE_VERSION ""
| #define PACKAGE_STRING ""
| #define PACKAGE_BUGREPORT ""
| #define PACKAGE_URL ""
| #define STDC_HEADERS 1
| #define HAVE_SYS_TYPES_H 1
| #define HAVE_SYS_STAT_H 1
| #define HAVE_STDLIB_H 1
| #define HAVE_STRING_H 1
| #define HAVE_MEMORY_H 1
| #define HAVE_STRINGS_H 1
| #define HAVE_INTTYPES_H 1
| #define HAVE_STDINT_H 1
| #define HAVE_UNISTD_H 1
| #define HAVE_DLFCN_H 1
| #define LT_OBJDIR ".libs/"
| /* end confdefs.h.  */
| #include <ac_nonexistent.h>
configure:12097: checking for ld used by g++
configure:12164: result: /Applications/Xcode.app/Contents/Developer/Toolchains/XcodeDefault.xctoolchain/usr/bin/ld
configure:12171: checking if the linker (/Applications/Xcode.app/Contents/Developer/Toolchains/XcodeDefault.xctoolchain/usr/bin/ld) is GNU ld
configure:12186: result: no
configure:12241: checking whether the g++ linker (/Applications/Xcode.app/Contents/Developer/Toolchains/XcodeDefault.xctoolchain/usr/bin/ld) supports shared libraries
configure:13154: result: yes
configure:13182: g++ -c -g -O2  conftest.cpp >&5
configure:13185: $? = 0
configure:13367: checking for g++ option to produce PIC
configure:13684: result: -fno-common -DPIC
configure:13693: checking if g++ PIC flag -fno-common -DPIC works
configure:13711: g++ -c -g -O2  -fno-common -DPIC -DPIC conftest.cpp >&5
configure:13715: $? = 0
configure:13728: result: yes
configure:13749: checking if g++ static flag -static works
configure:13777: result: no
configure:13789: checking if g++ supports -c -o file.o
configure:13810: g++ -c -g -O2  -o out/conftest2.o conftest.cpp >&5
configure:13814: $? = 0
configure:13836: result: yes
configure:13841: checking if g++ supports -c -o file.o
configure:13888: result: yes
configure:13918: checking whether the g++ linker (/Applications/Xcode.app/Contents/Developer/Toolchains/XcodeDefault.xctoolchain/usr/bin/ld) supports shared libraries
configure:13947: result: yes
configure:14084: checking dynamic linker characteristics
configure:14695: result: darwin16.6.0 dyld
configure:14746: checking how to hardcode library paths into programs
configure:14771: result: immediate
configure:14810: checking for library containing strerror
configure:14841: gcc -o conftest -g -O2   conftest.c  >&5
conftest.c:28:6: warning: incompatible redeclaration of library function 'strerror' [-Wincompatible-library-redeclaration]
char strerror ();
     ^
conftest.c:28:6: note: 'strerror' is a builtin with type 'char *(int)'
1 warning generated.
configure:14841: $? = 0
configure:14858: result: none required
configure:14867: checking whether make sets $(MAKE)
configure:14889: result: yes
configure:14902: checking for dirent.h that defines DIR
configure:14921: gcc -c -g -O2  conftest.c >&5
configure:14921: $? = 0
configure:14929: result: yes
configure:14943: checking for library containing opendir
configure:14974: gcc -o conftest -g -O2   conftest.c  >&5
configure:14974: $? = 0
configure:14991: result: none required
configure:15058: checking whether closedir returns void
configure:15082: gcc -o conftest -g -O2   conftest.c  >&5
configure:15082: $? = 0
configure:15082: ./conftest
configure:15082: $? = 0
configure:15092: result: no
configure:15100: checking for working memcmp
configure:15143: gcc -o conftest -g -O2   conftest.c  >&5
configure:15143: $? = 0
configure:15143: ./conftest
configure:15143: $? = 0
configure:15153: result: yes
configure:15164: checking for strftime
configure:15164: gcc -o conftest -g -O2   conftest.c  >&5
configure:15164: $? = 0
configure:15164: result: yes
configure:15219: checking for vprintf
configure:15219: gcc -o conftest -g -O2   conftest.c  >&5
conftest.c:46:6: warning: incompatible redeclaration of library function 'vprintf' [-Wincompatible-library-redeclaration]
char vprintf ();
     ^
conftest.c:46:6: note: 'vprintf' is a builtin with type 'int (const char *, struct __va_list_tag *)'
1 warning generated.
configure:15219: $? = 0
configure:15219: result: yes
configure:15225: checking for _doprnt
configure:15225: gcc -o conftest -g -O2   conftest.c  >&5
Undefined symbols for architecture x86_64:
  "__doprnt", referenced from:
      _main in conftest-9bea01.o
ld: symbol(s) not found for architecture x86_64
clang: error: linker command failed with exit code 1 (use -v to see invocation)
configure:15225: $? = 1
configure: failed program was:
| /* confdefs.h */
| #define PACKAGE_NAME ""
| #define PACKAGE_TARNAME ""
| #define PACKAGE_VERSION ""
| #define PACKAGE_STRING ""
| #define PACKAGE_BUGREPORT ""
| #define PACKAGE_URL ""
| #define STDC_HEADERS 1
| #define HAVE_SYS_TYPES_H 1
| #define HAVE_SYS_STAT_H 1
| #define HAVE_STDLIB_H 1
| #define HAVE_STRING_H 1
| #define HAVE_MEMORY_H 1
| #define HAVE_STRINGS_H 1
| #define HAVE_INTTYPES_H 1
| #define HAVE_STDINT_H 1
| #define HAVE_UNISTD_H 1
| #define HAVE_DLFCN_H 1
| #define LT_OBJDIR ".libs/"
| #define HAVE_DIRENT_H 1
| #define HAVE_STRFTIME 1
| #define HAVE_VPRINTF 1
| /* end confdefs.h.  */
| /* Define _doprnt to an innocuous variant, in case <limits.h> declares _doprnt.
|    For example, HP-UX 11i <limits.h> declares gettimeofday.  */
| #define _doprnt innocuous__doprnt
| 
| /* System header to define __stub macros and hopefully few prototypes,
|     which can conflict with char _doprnt (); below.
|     Prefer <limits.h> to <assert.h> if __STDC__ is defined, since
|     <limits.h> exists even on freestanding compilers.  */
| 
| #ifdef __STDC__
| # include <limits.h>
| #else
| # include <assert.h>
| #endif
| 
| #undef _doprnt
| 
| /* Override any GCC internal prototype to avoid an error.
|    Use char because int might match the return type of a GCC
|    builtin and then its argument prototype would still apply.  */
| #ifdef __cplusplus
| extern "C"
| #endif
| char _doprnt ();
| /* The GNU C library defines this for functions which it implements
|     to always fail with ENOSYS.  Some functions are actually named
|     something starting with __ and the normal name is an alias.  */
| #if defined __stub__doprnt || defined __stub____doprnt
| choke me
| #endif
| 
| int
| main ()
| {
| return _doprnt ();
|   ;
|   return 0;
| }
configure:15225: result: no
configure:15238: checking for working alloca.h
configure:15255: gcc -o conftest -g -O2   conftest.c  >&5
configure:15255: $? = 0
configure:15263: result: yes
configure:15271: checking for alloca
configure:15308: gcc -o conftest -g -O2   conftest.c  >&5
configure:15308: $? = 0
configure:15316: result: yes
configure:15429: checking for dirent.h that defines DIR
configure:15456: result: yes
configure:15470: checking for library containing opendir
configure:15518: result: none required
configure:15585: checking for ANSI C header files
configure:15689: result: yes
configure:15699: checking for memory.h
configure:15699: result: yes
configure:15711: checking for unistd.h
configure:15711: result: yes
configure:15723: checking ieeefp.h usability
configure:15723: gcc -c -g -O2  conftest.c >&5
conftest.c:63:10: fatal error: 'ieeefp.h' file not found
#include <ieeefp.h>
         ^
1 error generated.
configure:15723: $? = 1
configure: failed program was:
| /* confdefs.h */
| #define PACKAGE_NAME ""
| #define PACKAGE_TARNAME ""
| #define PACKAGE_VERSION ""
| #define PACKAGE_STRING ""
| #define PACKAGE_BUGREPORT ""
| #define PACKAGE_URL ""
| #define STDC_HEADERS 1
| #define HAVE_SYS_TYPES_H 1
| #define HAVE_SYS_STAT_H 1
| #define HAVE_STDLIB_H 1
| #define HAVE_STRING_H 1
| #define HAVE_MEMORY_H 1
| #define HAVE_STRINGS_H 1
| #define HAVE_INTTYPES_H 1
| #define HAVE_STDINT_H 1
| #define HAVE_UNISTD_H 1
| #define HAVE_DLFCN_H 1
| #define LT_OBJDIR ".libs/"
| #define HAVE_DIRENT_H 1
| #define HAVE_STRFTIME 1
| #define HAVE_VPRINTF 1
| #define HAVE_ALLOCA_H 1
| #define HAVE_ALLOCA 1
| #define HAVE_DIRENT_H 1
| #define STDC_HEADERS 1
| #define HAVE_MEMORY_H 1
| #define HAVE_UNISTD_H 1
| /* end confdefs.h.  */
| #include <stdio.h>
| #ifdef HAVE_SYS_TYPES_H
| # include <sys/types.h>
| #endif
| #ifdef HAVE_SYS_STAT_H
| # include <sys/stat.h>
| #endif
| #ifdef STDC_HEADERS
| # include <stdlib.h>
| # include <stddef.h>
| #else
| # ifdef HAVE_STDLIB_H
| #  include <stdlib.h>
| # endif
| #endif
| #ifdef HAVE_STRING_H
| # if !defined STDC_HEADERS && defined HAVE_MEMORY_H
| #  include <memory.h>
| # endif
| # include <string.h>
| #endif
| #ifdef HAVE_STRINGS_H
| # include <strings.h>
| #endif
| #ifdef HAVE_INTTYPES_H
| # include <inttypes.h>
| #endif
| #ifdef HAVE_STDINT_H
| # include <stdint.h>
| #endif
| #ifdef HAVE_UNISTD_H
| # include <unistd.h>
| #endif
| #include <ieeefp.h>
configure:15723: result: no
configure:15723: checking ieeefp.h presence
configure:15723: gcc -E  conftest.c
conftest.c:30:10: fatal error: 'ieeefp.h' file not found
#include <ieeefp.h>
         ^
1 error generated.
configure:15723: $? = 1
configure: failed program was:
| /* confdefs.h */
| #define PACKAGE_NAME ""
| #define PACKAGE_TARNAME ""
| #define PACKAGE_VERSION ""
| #define PACKAGE_STRING ""
| #define PACKAGE_BUGREPORT ""
| #define PACKAGE_URL ""
| #define STDC_HEADERS 1
| #define HAVE_SYS_TYPES_H 1
| #define HAVE_SYS_STAT_H 1
| #define HAVE_STDLIB_H 1
| #define HAVE_STRING_H 1
| #define HAVE_MEMORY_H 1
| #define HAVE_STRINGS_H 1
| #define HAVE_INTTYPES_H 1
| #define HAVE_STDINT_H 1
| #define HAVE_UNISTD_H 1
| #define HAVE_DLFCN_H 1
| #define LT_OBJDIR ".libs/"
| #define HAVE_DIRENT_H 1
| #define HAVE_STRFTIME 1
| #define HAVE_VPRINTF 1
| #define HAVE_ALLOCA_H 1
| #define HAVE_ALLOCA 1
| #define HAVE_DIRENT_H 1
| #define STDC_HEADERS 1
| #define HAVE_MEMORY_H 1
| #define HAVE_UNISTD_H 1
| /* end confdefs.h.  */
| #include <ieeefp.h>
configure:15723: result: no
configure:15723: checking for ieeefp.h
configure:15723: result: no
configure:15735: checking sys/file.h usability
configure:15735: gcc -c -g -O2  conftest.c >&5
configure:15735: $? = 0
configure:15735: result: yes
configure:15735: checking sys/file.h presence
configure:15735: gcc -E  conftest.c
configure:15735: $? = 0
configure:15735: result: yes
configure:15735: checking for sys/file.h
configure:15735: result: yes
configure:15747: checking sys/time.h usability
configure:15747: gcc -c -g -O2  conftest.c >&5
configure:15747: $? = 0
configure:15747: result: yes
configure:15747: checking sys/time.h presence
configure:15747: gcc -E  conftest.c
configure:15747: $? = 0
configure:15747: result: yes
configure:15747: checking for sys/time.h
configure:15747: result: yes
configure:15760: checking for strchr
configure:15760: gcc -o conftest -g -O2   conftest.c  >&5
conftest.c:55:6: warning: incompatible redeclaration of library function 'strchr' [-Wincompatible-library-redeclaration]
char strchr ();
     ^
conftest.c:55:6: note: 'strchr' is a builtin with type 'char *(const char *, int)'
1 warning generated.
configure:15760: $? = 0
configure:15760: result: yes
configure:15760: checking for memcpy
configure:15760: gcc -o conftest -g -O2   conftest.c  >&5
conftest.c:56:6: warning: incompatible redeclaration of library function 'memcpy' [-Wincompatible-library-redeclaration]
char memcpy ();
     ^
conftest.c:56:6: note: 'memcpy' is a builtin with type 'void *(void *, const void *, unsigned long)'
1 warning generated.
configure:15760: $? = 0
configure:15760: result: yes
configure:15760: checking for gettimeofday
configure:15760: gcc -o conftest -g -O2   conftest.c  >&5
configure:15760: $? = 0
configure:15760: result: yes
configure:15770: checking whether stat file-mode macros are broken
configure:15797: gcc -c -g -O2  conftest.c >&5
configure:15797: $? = 0
configure:15804: result: no
configure:15812: checking whether struct tm is in sys/time.h or time.h
configure:15832: gcc -c -g -O2  conftest.c >&5
configure:15832: $? = 0
configure:15839: result: time.h
configure:15847: checking for size_t
configure:15847: gcc -c -g -O2  conftest.c >&5
configure:15847: $? = 0
configure:15847: gcc -c -g -O2  conftest.c >&5
conftest.c:71:21: error: expected expression
if (sizeof ((size_t)))
                    ^
1 error generated.
configure:15847: $? = 1
configure: failed program was:
| /* confdefs.h */
| #define PACKAGE_NAME ""
| #define PACKAGE_TARNAME ""
| #define PACKAGE_VERSION ""
| #define PACKAGE_STRING ""
| #define PACKAGE_BUGREPORT ""
| #define PACKAGE_URL ""
| #define STDC_HEADERS 1
| #define HAVE_SYS_TYPES_H 1
| #define HAVE_SYS_STAT_H 1
| #define HAVE_STDLIB_H 1
| #define HAVE_STRING_H 1
| #define HAVE_MEMORY_H 1
| #define HAVE_STRINGS_H 1
| #define HAVE_INTTYPES_H 1
| #define HAVE_STDINT_H 1
| #define HAVE_UNISTD_H 1
| #define HAVE_DLFCN_H 1
| #define LT_OBJDIR ".libs/"
| #define HAVE_DIRENT_H 1
| #define HAVE_STRFTIME 1
| #define HAVE_VPRINTF 1
| #define HAVE_ALLOCA_H 1
| #define HAVE_ALLOCA 1
| #define HAVE_DIRENT_H 1
| #define STDC_HEADERS 1
| #define HAVE_MEMORY_H 1
| #define HAVE_UNISTD_H 1
| #define HAVE_SYS_FILE_H 1
| #define HAVE_SYS_TIME_H 1
| #define HAVE_STRCHR 1
| #define HAVE_MEMCPY 1
| #define HAVE_GETTIMEOFDAY 1
| /* end confdefs.h.  */
| #include <stdio.h>
| #ifdef HAVE_SYS_TYPES_H
| # include <sys/types.h>
| #endif
| #ifdef HAVE_SYS_STAT_H
| # include <sys/stat.h>
| #endif
| #ifdef STDC_HEADERS
| # include <stdlib.h>
| # include <stddef.h>
| #else
| # ifdef HAVE_STDLIB_H
| #  include <stdlib.h>
| # endif
| #endif
| #ifdef HAVE_STRING_H
| # if !defined STDC_HEADERS && defined HAVE_MEMORY_H
| #  include <memory.h>
| # endif
| # include <string.h>
| #endif
| #ifdef HAVE_STRINGS_H
| # include <strings.h>
| #endif
| #ifdef HAVE_INTTYPES_H
| # include <inttypes.h>
| #endif
| #ifdef HAVE_STDINT_H
| # include <stdint.h>
| #endif
| #ifdef HAVE_UNISTD_H
| # include <unistd.h>
| #endif
| int
| main ()
| {
| if (sizeof ((size_t)))
| 	    return 0;
|   ;
|   return 0;
| }
configure:15847: result: yes
configure:15858: checking for an ANSI C-conforming const
configure:15923: gcc -c -g -O2  conftest.c >&5
configure:15923: $? = 0
configure:15930: result: yes
configure:15981: checking if requested to force inline functions
configure:15988: result: yes
configure:15995: checking if requested to enable assert macros
configure:16002: result: yes
configure:16006: checking if requested libstdc++ debug mode
configure:16013: result: no
configure:16024: checking if g++ supports -pedantic
configure:16042: gcc -c -g -O2  -pedantic conftest.c >&5
configure:16046: $? = 0
configure:16059: result: yes
configure:16068: checking if g++ supports -Wall
configure:16086: gcc -c -g -O2  -Wall conftest.c >&5
configure:16090: $? = 0
configure:16103: result: yes
configure:16112: checking if g++ supports -ansi
configure:16130: gcc -c -g -O2  -ansi conftest.c >&5
configure:16134: $? = 0
configure:16147: result: yes
configure:16156: checking if g++ supports -Wno-long-long
configure:16174: gcc -c -g -O2  -Wno-long-long conftest.c >&5
configure:16178: $? = 0
configure:16191: result: yes
configure:16203: checking if g++ supports -ffloat-store
configure:16221: gcc -c -g -O2  -ffloat-store conftest.c >&5
clang: warning: optimization flag '-ffloat-store' is not supported [-Wignored-optimization-argument]
configure:16225: $? = 0
configure:16238: result: no
configure:16258: checking for finite
configure:16274: gcc -o conftest -g -O2   conftest.c  -lm >&5
conftest.c:39:22: warning: 'finite' is deprecated: first deprecated in macOS 10.9 [-Wdeprecated-declarations]
double x; int y; y = finite(x);
                     ^
/Applications/Xcode.app/Contents/Developer/Platforms/MacOSX.platform/Developer/SDKs/MacOSX10.12.sdk/usr/include/math.h:757:12: note: 'finite' has been explicitly marked deprecated here
extern int finite(double) __OSX_AVAILABLE_BUT_DEPRECATED(__MAC_10_0, __MAC_10_9, __IPHONE_NA, __IPHONE_NA);
           ^
1 warning generated.
configure:16274: $? = 0
configure:16283: result: yes
configure:16291: checking for isfinite
configure:16307: gcc -o conftest -g -O2   conftest.c  -lm >&5
configure:16307: $? = 0
configure:16316: result: yes
configure:16331: checking for isnan
configure:16347: g++ -o conftest -g -O2   conftest.cpp  -lm >&5
configure:16347: $? = 0
configure:16356: result: yes
configure:16374: checking whether int64_t is 64 bits
configure:16417: gcc -o conftest -g -O2   conftest.c  >&5
conftest.c:65:1: warning: type specifier missing, defaults to 'int' [-Wimplicit-int]
main() {
^
conftest.c:66:3: warning: implicitly declaring library function 'exit' with type 'void (int) __attribute__((noreturn))' [-Wimplicit-function-declaration]
  exit(! does_int64_work());
  ^
conftest.c:66:3: note: include the header <stdlib.h> or explicitly provide a declaration for 'exit'
2 warnings generated.
configure:16417: $? = 0
configure:16417: ./conftest
configure:16417: $? = 0
configure:16427: result: yes
configure:17256: checking OS-specific settings
configure:17261: result: darwin16.6.0
configure:17263: checking for OS/X version
configure:17283: result: Mac OS X (Darwin 16.6.0 kernel)
configure:17465: creating ./config.status

## ---------------------- ##
## Running config.status. ##
## ---------------------- ##

This file was extended by config.status, which was
generated by GNU Autoconf 2.65.  Invocation command line was

  CONFIG_FILES    = 
  CONFIG_HEADERS  = 
  CONFIG_LINKS    = 
  CONFIG_COMMANDS = 
  $ ./config.status 

on lauradeMacBook-Pro.local

config.status:1307: creating Makefile
config.status:1307: creating capi/Makefile
config.status:1307: creating capi/geos_c.h
config.status:1307: creating doc/Doxyfile
config.status:1307: creating doc/Makefile
config.status:1307: creating macros/Makefile
config.status:1307: creating src/Makefile
config.status:1307: creating src/algorithm/Makefile
config.status:1307: creating src/algorithm/locate/Makefile
config.status:1307: creating src/algorithm/distance/Makefile
config.status:1307: creating src/geom/Makefile
config.status:1307: creating src/geom/prep/Makefile
config.status:1307: creating src/geom/util/Makefile
config.status:1307: creating src/geomgraph/Makefile
config.status:1307: creating src/geomgraph/index/Makefile
config.status:1307: creating include/Makefile
config.status:1307: creating include/geos/Makefile
config.status:1307: creating include/geos/algorithm/Makefile
config.status:1307: creating include/geos/algorithm/locate/Makefile
config.status:1307: creating include/geos/algorithm/distance/Makefile
config.status:1307: creating include/geos/geom/Makefile
config.status:1307: creating include/geos/geom/prep/Makefile
config.status:1307: creating include/geos/geom/util/Makefile
config.status:1307: creating include/geos/geomgraph/Makefile
config.status:1307: creating include/geos/geomgraph/index/Makefile
config.status:1307: creating include/geos/index/Makefile
config.status:1307: creating include/geos/index/bintree/Makefile
config.status:1307: creating include/geos/index/chain/Makefile
config.status:1307: creating include/geos/index/intervalrtree/Makefile
config.status:1307: creating include/geos/index/quadtree/Makefile
config.status:1307: creating include/geos/index/strtree/Makefile
config.status:1307: creating include/geos/index/sweepline/Makefile
config.status:1307: creating include/geos/io/Makefile
config.status:1307: creating include/geos/linearref/Makefile
config.status:1307: creating include/geos/noding/Makefile
config.status:1307: creating include/geos/noding/snapround/Makefile
config.status:1307: creating include/geos/operation/Makefile
config.status:1307: creating include/geos/operation/buffer/Makefile
config.status:1307: creating include/geos/operation/distance/Makefile
config.status:1307: creating include/geos/operation/linemerge/Makefile
config.status:1307: creating include/geos/operation/overlay/Makefile
config.status:1307: creating include/geos/operation/overlay/snap/Makefile
config.status:1307: creating include/geos/operation/polygonize/Makefile
config.status:1307: creating include/geos/operation/predicate/Makefile
config.status:1307: creating include/geos/operation/relate/Makefile
config.status:1307: creating include/geos/operation/sharedpaths/Makefile
config.status:1307: creating include/geos/operation/union/Makefile
config.status:1307: creating include/geos/operation/valid/Makefile
config.status:1307: creating include/geos/planargraph/Makefile
config.status:1307: creating include/geos/planargraph/algorithm/Makefile
config.status:1307: creating include/geos/precision/Makefile
config.status:1307: creating include/geos/simplify/Makefile
config.status:1307: creating include/geos/util/Makefile
config.status:1307: creating include/geos/version.h
config.status:1307: creating src/index/Makefile
config.status:1307: creating src/index/bintree/Makefile
config.status:1307: creating src/index/chain/Makefile
config.status:1307: creating src/index/intervalrtree/Makefile
config.status:1307: creating src/index/quadtree/Makefile
config.status:1307: creating src/index/strtree/Makefile
config.status:1307: creating src/index/sweepline/Makefile
config.status:1307: creating src/io/Makefile
config.status:1307: creating src/linearref/Makefile
config.status:1307: creating src/noding/Makefile
config.status:1307: creating src/noding/snapround/Makefile
config.status:1307: creating src/operation/Makefile
config.status:1307: creating src/operation/buffer/Makefile
config.status:1307: creating src/operation/distance/Makefile
config.status:1307: creating src/operation/linemerge/Makefile
config.status:1307: creating src/operation/overlay/Makefile
config.status:1307: creating src/operation/polygonize/Makefile
config.status:1307: creating src/operation/predicate/Makefile
config.status:1307: creating src/operation/relate/Makefile
config.status:1307: creating src/operation/sharedpaths/Makefile
config.status:1307: creating src/operation/union/Makefile
config.status:1307: creating src/operation/valid/Makefile
config.status:1307: creating src/planargraph/Makefile
config.status:1307: creating src/precision/Makefile
config.status:1307: creating src/simplify/Makefile
config.status:1307: creating src/util/Makefile
config.status:1307: creating swig/geos.i
config.status:1307: creating swig/Makefile
config.status:1307: creating swig/python/Makefile
config.status:1307: creating swig/python/tests/Makefile
config.status:1307: creating swig/ruby/Makefile
config.status:1307: creating swig/ruby/test/Makefile
config.status:1307: creating php/Makefile
config.status:1307: creating php/test/Makefile
config.status:1307: creating tests/Makefile
config.status:1307: creating tests/bigtest/Makefile
config.status:1307: creating tests/unit/Makefile
config.status:1307: creating tests/perf/Makefile
config.status:1307: creating tests/perf/operation/Makefile
config.status:1307: creating tests/perf/operation/buffer/Makefile
config.status:1307: creating tests/perf/operation/predicate/Makefile
config.status:1307: creating tests/perf/capi/Makefile
config.status:1307: creating tests/xmltester/Makefile
config.status:1307: creating tests/geostest/Makefile
config.status:1307: creating tests/thread/Makefile
config.status:1307: creating tools/Makefile
config.status:1307: creating tools/geos-config
config.status:1307: creating include/config.h
config.status:1307: creating include/geos/platform.h
config.status:1479: include/geos/platform.h is unchanged
config.status:1527: executing depfiles commands
config.status:1527: executing libtool commands

## ---------------- ##
## Cache variables. ##
## ---------------- ##

ac_cv_build=i386-apple-darwin16.6.0
ac_cv_c_compiler_gnu=yes
ac_cv_c_const=yes
ac_cv_cxx_compiler_gnu=yes
ac_cv_env_CCC_set=
ac_cv_env_CCC_value=
ac_cv_env_CC_set=
ac_cv_env_CC_value=
ac_cv_env_CFLAGS_set=
ac_cv_env_CFLAGS_value=
ac_cv_env_CPPFLAGS_set=
ac_cv_env_CPPFLAGS_value=
ac_cv_env_CPP_set=
ac_cv_env_CPP_value=
ac_cv_env_CXXCPP_set=
ac_cv_env_CXXCPP_value=
ac_cv_env_CXXFLAGS_set=
ac_cv_env_CXXFLAGS_value=
ac_cv_env_CXX_set=
ac_cv_env_CXX_value=
ac_cv_env_LDFLAGS_set=
ac_cv_env_LDFLAGS_value=
ac_cv_env_LIBS_set=
ac_cv_env_LIBS_value=
ac_cv_env_build_alias_set=
ac_cv_env_build_alias_value=
ac_cv_env_host_alias_set=
ac_cv_env_host_alias_value=
ac_cv_env_target_alias_set=
ac_cv_env_target_alias_value=
ac_cv_finite=yes
ac_cv_func__doprnt=no
ac_cv_func_alloca_works=yes
ac_cv_func_closedir_void=no
ac_cv_func_gettimeofday=yes
ac_cv_func_memcmp_working=yes
ac_cv_func_memcpy=yes
ac_cv_func_strchr=yes
ac_cv_func_strftime=yes
ac_cv_func_vprintf=yes
ac_cv_header_dirent_dirent_h=yes
ac_cv_header_dlfcn_h=yes
ac_cv_header_ieeefp_h=no
ac_cv_header_inttypes_h=yes
ac_cv_header_memory_h=yes
ac_cv_header_stat_broken=no
ac_cv_header_stdc=yes
ac_cv_header_stdint_h=yes
ac_cv_header_stdlib_h=yes
ac_cv_header_string_h=yes
ac_cv_header_strings_h=yes
ac_cv_header_sys_file_h=yes
ac_cv_header_sys_stat_h=yes
ac_cv_header_sys_time_h=yes
ac_cv_header_sys_types_h=yes
ac_cv_header_unistd_h=yes
ac_cv_host=i386-apple-darwin16.6.0
ac_cv_isfinite=yes
ac_cv_isnan=yes
ac_cv_lib_dl_dlopen=yes
ac_cv_objext=o
ac_cv_path_EGREP='/usr/bin/grep -E'
ac_cv_path_FGREP='/usr/bin/grep -F'
ac_cv_path_GREP=/usr/bin/grep
ac_cv_path_SED=/usr/bin/sed
ac_cv_path_install='/usr/bin/install -c'
ac_cv_prog_AWK=awk
ac_cv_prog_CPP='gcc -E'
ac_cv_prog_CXXCPP='g++ -E'
ac_cv_prog_ac_ct_AR=ar
ac_cv_prog_ac_ct_CC=gcc
ac_cv_prog_ac_ct_CXX=g++
ac_cv_prog_ac_ct_DSYMUTIL=dsymutil
ac_cv_prog_ac_ct_LIPO=lipo
ac_cv_prog_ac_ct_NMEDIT=nmedit
ac_cv_prog_ac_ct_OBJDUMP=objdump
ac_cv_prog_ac_ct_OTOOL=otool
ac_cv_prog_ac_ct_RANLIB=ranlib
ac_cv_prog_ac_ct_STRIP=strip
ac_cv_prog_cc_c89=
ac_cv_prog_cc_g=yes
ac_cv_prog_cxx_g=yes
ac_cv_prog_make_make_set=yes
ac_cv_search_opendir='none required'
ac_cv_search_strerror='none required'
ac_cv_struct_tm=time.h
ac_cv_target=i386-apple-darwin16.6.0
ac_cv_type_size_t=yes
ac_cv_working_alloca_h=yes
am_cv_CC_dependencies_compiler_type=gcc3
am_cv_CXX_dependencies_compiler_type=gcc3
dummy_cv_ansi=yes
dummy_cv_ffloat_store=no
dummy_cv_no_long_long=yes
dummy_cv_pedantic=yes
dummy_cv_wall=yes
lt_cv_apple_cc_single_mod=yes
lt_cv_deplibs_check_method=pass_all
lt_cv_dlopen=dlopen
lt_cv_dlopen_libs=-ldl
lt_cv_dlopen_self=yes
lt_cv_dlopen_self_static=yes
lt_cv_file_magic_cmd='$MAGIC_CMD'
lt_cv_file_magic_test_file=
lt_cv_ld_exported_symbols_list=yes
lt_cv_ld_reload_flag=-r
lt_cv_nm_interface='BSD nm'
lt_cv_objdir=.libs
lt_cv_path_LD=/Applications/Xcode.app/Contents/Developer/Toolchains/XcodeDefault.xctoolchain/usr/bin/ld
lt_cv_path_LDCXX=/Applications/Xcode.app/Contents/Developer/Toolchains/XcodeDefault.xctoolchain/usr/bin/ld
lt_cv_path_NM='/usr/bin/nm -B'
lt_cv_prog_compiler_c_o=yes
lt_cv_prog_compiler_c_o_CXX=yes
lt_cv_prog_compiler_pic_works=yes
lt_cv_prog_compiler_pic_works_CXX=yes
lt_cv_prog_compiler_rtti_exceptions=yes
lt_cv_prog_compiler_static_works=no
lt_cv_prog_compiler_static_works_CXX=no
lt_cv_prog_gnu_ld=no
lt_cv_prog_gnu_ldcxx=no
lt_cv_sys_global_symbol_pipe='sed -n -e '\''s/^.*[	 ]\([BCDEGRST][BCDEGRST]*\)[	 ][	 ]*_\([_A-Za-z][_A-Za-z0-9]*\)$/\1 _\2 \2/p'\'''
lt_cv_sys_global_symbol_to_c_name_address='sed -n -e '\''s/^: \([^ ]*\) $/  {\"\1\", (void *) 0},/p'\'' -e '\''s/^[BCDEGRST]* \([^ ]*\) \([^ ]*\)$/  {"\2", (void *) \&\2},/p'\'''
lt_cv_sys_global_symbol_to_c_name_address_lib_prefix='sed -n -e '\''s/^: \([^ ]*\) $/  {\"\1\", (void *) 0},/p'\'' -e '\''s/^[BCDEGRST]* \([^ ]*\) \(lib[^ ]*\)$/  {"\2", (void *) \&\2},/p'\'' -e '\''s/^[BCDEGRST]* \([^ ]*\) \([^ ]*\)$/  {"lib\2", (void *) \&\2},/p'\'''
lt_cv_sys_global_symbol_to_cdecl='sed -n -e '\''s/^T .* \(.*\)$/extern int \1();/p'\'' -e '\''s/^[BCDEGRST]* .* \(.*\)$/extern char \1;/p'\'''
lt_cv_sys_max_cmd_len=196608
pgac_cv_type_int64_t_64=yes

## ----------------- ##
## Output variables. ##
## ----------------- ##

ACLOCAL='${SHELL} /Users/laura/django/d_venv/geos-3.3.0/missing --run aclocal-1.11'
ALLOCA=''
AMDEPBACKSLASH='\'
AMDEP_FALSE='#'
AMDEP_TRUE=''
AMTAR='${SHELL} /Users/laura/django/d_venv/geos-3.3.0/missing --run tar'
AM_CFLAGS='  -pedantic -Wall -ansi -Wno-long-long '
AM_CXXFLAGS=' -DGEOS_INLINE  -pedantic -Wall -ansi -Wno-long-long '
AR='ar'
AS='as'
AUTOCONF='${SHELL} /Users/laura/django/d_venv/geos-3.3.0/missing --run autoconf'
AUTOHEADER='${SHELL} /Users/laura/django/d_venv/geos-3.3.0/missing --run autoheader'
AUTOMAKE='${SHELL} /Users/laura/django/d_venv/geos-3.3.0/missing --run automake-1.11'
AWK='awk'
CAPI_INTERFACE_AGE='7'
CAPI_INTERFACE_CURRENT='8'
CAPI_INTERFACE_REVISION='0'
CAPI_VERSION='1.7.0'
CAPI_VERSION_MAJOR='1'
CAPI_VERSION_MINOR='7'
CAPI_VERSION_PATCH='0'
CC='gcc'
CCDEPMODE='depmode=gcc3'
CFLAGS='-g -O2'
CPP='gcc -E'
CPPFLAGS=''
CXX='g++'
CXXCPP='g++ -E'
CXXDEPMODE='depmode=gcc3'
CXXFLAGS='-g -O2'
CYGPATH_W='echo'
DEFS='-DHAVE_CONFIG_H'
DEPDIR='.deps'
DLLTOOL='dlltool'
DSYMUTIL='dsymutil'
DUMPBIN=''
ECHO_C='\c'
ECHO_N=''
ECHO_T=''
EGREP='/usr/bin/grep -E'
ENABLE_PHP_FALSE=''
ENABLE_PHP_TRUE='#'
ENABLE_PYTHON_FALSE=''
ENABLE_PYTHON_TRUE='#'
ENABLE_RUBY_FALSE=''
ENABLE_RUBY_TRUE='#'
ENABLE_SWIG_FALSE=''
ENABLE_SWIG_TRUE='#'
EXEEXT=''
FGREP='/usr/bin/grep -F'
GREP='/usr/bin/grep'
HAVE_PHP_FALSE=''
HAVE_PHP_TRUE='#'
HAVE_PHP_UNIT_FALSE=''
HAVE_PHP_UNIT_TRUE='#'
INLINE_FLAGS='-DGEOS_INLINE'
INSTALL_DATA='${INSTALL} -m 644'
INSTALL_PROGRAM='${INSTALL}'
INSTALL_SCRIPT='${INSTALL}'
INSTALL_STRIP_PROGRAM='$(install_sh) -c -s'
INTERFACE_AGE=''
INTERFACE_CURRENT=''
INTERFACE_REVISION=''
JTS_PORT='1.12.0'
LD='/Applications/Xcode.app/Contents/Developer/Toolchains/XcodeDefault.xctoolchain/usr/bin/ld'
LDFLAGS=''
LIBOBJS=''
LIBS=''
LIBTOOL='$(SHELL) $(top_builddir)/libtool'
LIPO='lipo'
LN_S='ln -s'
LTLIBOBJS=''
MAINT='#'
MAINTAINER_MODE_FALSE=''
MAINTAINER_MODE_TRUE='#'
MAKEINFO='${SHELL} /Users/laura/django/d_venv/geos-3.3.0/missing --run makeinfo'
MKDIR_P='./install-sh -c -d'
NM='/usr/bin/nm -B'
NMEDIT='nmedit'
OBJDUMP='objdump'
OBJEXT='o'
OTOOL64=':'
OTOOL='otool'
PACKAGE='geos'
PACKAGE_BUGREPORT=''
PACKAGE_NAME=''
PACKAGE_STRING=''
PACKAGE_TARNAME=''
PACKAGE_URL=''
PACKAGE_VERSION=''
PATH_SEPARATOR=':'
PHP=''
PHPUNIT=''
PHP_CONFIG=''
PYTHON=''
PYTHON_CPPFLAGS=''
PYTHON_EXEC_PREFIX=''
PYTHON_EXTRA_LIBS=''
PYTHON_LDFLAGS=''
PYTHON_PLATFORM=''
PYTHON_PREFIX=''
PYTHON_SITE_PKG=''
PYTHON_VERSION=''
RANLIB='ranlib'
RUBY=''
RUBY_BIN_DIR=''
RUBY_EXTENSION_DIR=''
RUBY_INCLUDE_DIR=''
RUBY_LIB_DIR=''
RUBY_SHARED_LIB=''
RUBY_SO_NAME=''
RUBY_VERSION=''
SED='/usr/bin/sed'
SET_MAKE=''
SHELL='/bin/sh'
STRIP='strip'
SWIG=''
SWIG_LIB=''
SWIG_PYTHON_CPPFLAGS=''
SWIG_PYTHON_OPT=''
VERSION='3.3.0'
VERSION_MAJOR='3'
VERSION_MINOR='3'
VERSION_PATCH='0'
ac_ct_CC='gcc'
ac_ct_CXX='g++'
ac_ct_DUMPBIN=''
am__EXEEXT_FALSE=''
am__EXEEXT_TRUE='#'
am__fastdepCC_FALSE='#'
am__fastdepCC_TRUE=''
am__fastdepCXX_FALSE='#'
am__fastdepCXX_TRUE=''
am__include='include'
am__isrc=''
am__leading_dot='.'
am__quote=''
am__tar='${AMTAR} chof - "$$tardir"'
am__untar='${AMTAR} xf -'
bindir='${exec_prefix}/bin'
build='i386-apple-darwin16.6.0'
build_alias=''
build_cpu='i386'
build_os='darwin16.6.0'
build_vendor='apple'
datadir='${datarootdir}'
datarootdir='${prefix}/share'
docdir='${datarootdir}/doc/${PACKAGE}'
dvidir='${docdir}'
exec_prefix='${prefix}'
host='i386-apple-darwin16.6.0'
host_alias=''
host_cpu='i386'
host_os='darwin16.6.0'
host_vendor='apple'
htmldir='${docdir}'
includedir='${prefix}/include'
infodir='${datarootdir}/info'
install_sh='${SHELL} /Users/laura/django/d_venv/geos-3.3.0/install-sh'
libdir='${exec_prefix}/lib'
libexecdir='${exec_prefix}/libexec'
localedir='${datarootdir}/locale'
localstatedir='${prefix}/var'
lt_ECHO='/bin/echo'
mandir='${datarootdir}/man'
mkdir_p='$(top_builddir)/./install-sh -c -d'
oldincludedir='/usr/include'
pdfdir='${docdir}'
pkgpyexecdir=''
pkgpythondir=''
prefix='/usr/local'
program_transform_name='s,x,x,'
psdir='${docdir}'
pyexecdir=''
pythondir=''
sbindir='${exec_prefix}/sbin'
sharedstatedir='${prefix}/com'
sysconfdir='${prefix}/etc'
target='i386-apple-darwin16.6.0'
target_alias=''
target_cpu='i386'
target_os='darwin16.6.0'
target_vendor='apple'

## ----------- ##
## confdefs.h. ##
## ----------- ##

/* confdefs.h */
#define PACKAGE_NAME ""
#define PACKAGE_TARNAME ""
#define PACKAGE_VERSION ""
#define PACKAGE_STRING ""
#define PACKAGE_BUGREPORT ""
#define PACKAGE_URL ""
#define STDC_HEADERS 1
#define HAVE_SYS_TYPES_H 1
#define HAVE_SYS_STAT_H 1
#define HAVE_STDLIB_H 1
#define HAVE_STRING_H 1
#define HAVE_MEMORY_H 1
#define HAVE_STRINGS_H 1
#define HAVE_INTTYPES_H 1
#define HAVE_STDINT_H 1
#define HAVE_UNISTD_H 1
#define HAVE_DLFCN_H 1
#define LT_OBJDIR ".libs/"
#define HAVE_DIRENT_H 1
#define HAVE_STRFTIME 1
#define HAVE_VPRINTF 1
#define HAVE_ALLOCA_H 1
#define HAVE_ALLOCA 1
#define HAVE_DIRENT_H 1
#define STDC_HEADERS 1
#define HAVE_MEMORY_H 1
#define HAVE_UNISTD_H 1
#define HAVE_SYS_FILE_H 1
#define HAVE_SYS_TIME_H 1
#define HAVE_STRCHR 1
#define HAVE_MEMCPY 1
#define HAVE_GETTIMEOFDAY 1
#define HAVE_FINITE 1
#define HAVE_ISFINITE 1
#define HAVE_ISNAN 1
#define HAVE_INT64_T_64 /**/

configure: exit 0
